2014/08/08 4:20:33 にビルドを開始しました。
     1>ノード 3 上のプロジェクト "C:\Users\Datsuo\workspace\RTsummer\SetKobukiVelo\build\doxygen.vcxproj" (build ターゲット)。
     1>InitializeBuildStatus:
         "AlwaysCreate" が指定されたため "Win32\Debug\doxygen\doxygen.unsuccessfulbuild" を作成しています。
       CustomBuild:
         Searching for include files...
         Searching for example files...
         Searching for images...
         Searching for dot files...
         Searching for msc files...
         Searching for files to exclude
         Searching for files to process...
         Searching for files in directory C:/Users/Datsuo/workspace/RTsummer/SetKobukiVelo
         Searching for files in directory C:/Users/Datsuo/workspace/RTsummer/SetKobukiVelo/build
         Searching for files in directory C:/Users/Datsuo/workspace/RTsummer/SetKobukiVelo/build/CMakeFiles
         Searching for files in directory C:/Users/Datsuo/workspace/RTsummer/SetKobukiVelo/build/CMakeFiles/178fff5554c4e74e078640b873744c21
         Searching for files in directory C:/Users/Datsuo/workspace/RTsummer/SetKobukiVelo/build/CMakeFiles/2.8.12.2
         Searching for files in directory C:/Users/Datsuo/workspace/RTsummer/SetKobukiVelo/build/CMakeFiles/2.8.12.2/CompilerIdC
         Searching for files in directory C:/Users/Datsuo/workspace/RTsummer/SetKobukiVelo/build/CMakeFiles/2.8.12.2/CompilerIdC/Debug
         Searching for files in directory C:/Users/Datsuo/workspace/RTsummer/SetKobukiVelo/build/CMakeFiles/2.8.12.2/CompilerIdCXX
         Searching for files in directory C:/Users/Datsuo/workspace/RTsummer/SetKobukiVelo/build/CMakeFiles/2.8.12.2/CompilerIdCXX/Debug
         Searching for files in directory C:/Users/Datsuo/workspace/RTsummer/SetKobukiVelo/build/CMakeFiles/CMakeTmp
         Searching for files in directory C:/Users/Datsuo/workspace/RTsummer/SetKobukiVelo/build/Debug
         Searching for files in directory C:/Users/Datsuo/workspace/RTsummer/SetKobukiVelo/build/doc
         Searching for files in directory C:/Users/Datsuo/workspace/RTsummer/SetKobukiVelo/build/ipch
         Searching for files in directory C:/Users/Datsuo/workspace/RTsummer/SetKobukiVelo/build/ipch/setkobukivelo-3b0b7e9
         Searching for files in directory C:/Users/Datsuo/workspace/RTsummer/SetKobukiVelo/build/SetKobukiVelo.dir
         Searching for files in directory C:/Users/Datsuo/workspace/RTsummer/SetKobukiVelo/build/SetKobukiVelo.dir/Debug
         Searching for files in directory C:/Users/Datsuo/workspace/RTsummer/SetKobukiVelo/build/SetKobukiVeloComp.dir
         Searching for files in directory C:/Users/Datsuo/workspace/RTsummer/SetKobukiVelo/build/SetKobukiVeloComp.dir/Debug
         Searching for files in directory C:/Users/Datsuo/workspace/RTsummer/SetKobukiVelo/build/Win32
         Searching for files in directory C:/Users/Datsuo/workspace/RTsummer/SetKobukiVelo/build/Win32/Debug
         Searching for files in directory C:/Users/Datsuo/workspace/RTsummer/SetKobukiVelo/build/Win32/Debug/ALL_BUILD
         Searching for files in directory C:/Users/Datsuo/workspace/RTsummer/SetKobukiVelo/build/Win32/Debug/doxygen
         Searching for files in directory C:/Users/Datsuo/workspace/RTsummer/SetKobukiVelo/build/Win32/Debug/ZERO_CHECK
         Searching for files in directory C:/Users/Datsuo/workspace/RTsummer/SetKobukiVelo/cmake_modules
         Searching for files in directory C:/Users/Datsuo/workspace/RTsummer/SetKobukiVelo/cpack_resources
         Reading and parsing tag files
         Preprocessing C:/Users/Datsuo/workspace/RTsummer/SetKobukiVelo/build/CMakeFiles/2.8.12.2/CompilerIdCXX/CMakeCXXCompilerId.cpp...
         Parsing file C:/Users/Datsuo/workspace/RTsummer/SetKobukiVelo/build/CMakeFiles/2.8.12.2/CompilerIdCXX/CMakeCXXCompilerId.cpp...
         Preprocessing C:/Users/Datsuo/workspace/RTsummer/SetKobukiVelo/SetKobukiVelo.cpp...
         Parsing file C:/Users/Datsuo/workspace/RTsummer/SetKobukiVelo/SetKobukiVelo.cpp...
         Preprocessing C:/Users/Datsuo/workspace/RTsummer/SetKobukiVelo/SetKobukiVelo.h...
         Parsing file C:/Users/Datsuo/workspace/RTsummer/SetKobukiVelo/SetKobukiVelo.h...
         Preprocessing C:/Users/Datsuo/workspace/RTsummer/SetKobukiVelo/SetKobukiVeloComp.cpp...
         Parsing file C:/Users/Datsuo/workspace/RTsummer/SetKobukiVelo/SetKobukiVeloComp.cpp...
         Building group list...
         Building directory list...
         Building namespace list...
         Building file list...
         Building class list...
         Associating documentation with classes...
         Computing nesting relations for classes...
         Building example list...
         Searching for enumerations...
         Searching for documented typedefs...
         Searching for members imported via using declarations...
         Searching for included using directives...
         Searching for documented variables...
         Building member list...
         Searching for friends...
         Searching for documented defines...
         Computing class inheritance relations...
         Computing class usage relations...
         Flushing cached template relations that have become invalid...
         Creating members for template instances...
         Computing class relations...
         Add enum values to enums...
         Searching for member function documentation...
         Building page list...
     1>CUSTOMBUILD : warning : Tag `SHOW_DIRECTORIES' at line 133 of file C:/Users/Datsuo/workspace/RTsummer/SetKobukiVelo/build/Doxyfile has become obsolete.
         To avoid this warning please remove this line from your configuration file or upgrade it using "doxygen -u"
     1>CUSTOMBUILD : warning : Tag `HTML_ALIGN_MEMBERS' at line 244 of file C:/Users/Datsuo/workspace/RTsummer/SetKobukiVelo/build/Doxyfile has become obsolete.
         To avoid this warning please remove this line from your configuration file or upgrade it using "doxygen -u"
     1>CUSTOMBUILD : warning : Tag `USE_INLINE_TREES' at line 298 of file C:/Users/Datsuo/workspace/RTsummer/SetKobukiVelo/build/Doxyfile has become obsolete.
         To avoid this warning please remove this line from your configuration file or upgrade it using "doxygen -u"
     1>CUSTOMBUILD : warning : The selected output language "japanese" has not been updated
         since release 1.6.0.  As a result some sentences may appear in English.
         
         C:/Users/Datsuo/workspace/RTsummer/SetKobukiVelo/SetKobukiVelo.cpp:290: warning: Member SetKobukiVeloInit(RTC::Manager *manager) (function) of file SetKobukiVelo.cpp is not documented.
         C:/Users/Datsuo/workspace/RTsummer/SetKobukiVelo/SetKobukiVelo.h:338: warning: Member SetKobukiVeloInit(RTC::Manager *manager) (function) of file SetKobukiVelo.h is not documented.
         C:/Users/Datsuo/workspace/RTsummer/SetKobukiVelo/SetKobukiVeloComp.cpp:18: warning: Member MyModuleInit(RTC::Manager *manager) (function) of file SetKobukiVeloComp.cpp is not documented.
         C:/Users/Datsuo/workspace/RTsummer/SetKobukiVelo/SetKobukiVeloComp.cpp:75: warning: Member main(int argc, char **argv) (function) of file SetKobukiVeloComp.cpp is not documented.
         C:/Users/Datsuo/workspace/RTsummer/SetKobukiVelo/SetKobukiVelo.h:71: warning: Member onInitialize() (function) of class SetKobukiVelo is not documented.
         C:/Users/Datsuo/workspace/RTsummer/SetKobukiVelo/SetKobukiVelo.h:121: warning: Member onActivated(RTC::UniqueId ec_id) (function) of class SetKobukiVelo is not documented.
         Search for main page...
         Computing page relations...
         Determining the scope of groups...
         Sorting lists...
         Freeing entry tree
         Determining which enums are documented
         Computing member relations...
         Building full member lists recursively...
         Adding members to member groups.
         Computing member references...
         Inheriting documentation...
         Generating disk names...
         Adding source references...
         Adding xrefitems...
         Sorting member lists...
         Computing dependencies between directories...
         Generating citations page...
         Counting data structures...
         Resolving user defined references...
         Finding anchors and sections in the documentation...
         Combining using relations...
         Adding members to index pages...
         Generating style sheet...
         Generating search indices...
         Generating example documentation...
         Generating file sources...
         Generating code for file C:/Users/Datsuo/workspace/RTsummer/SetKobukiVelo/SetKobukiVelo.h...
         Generating file documentation...
         Generating docs for file C:/Users/Datsuo/workspace/RTsummer/SetKobukiVelo/SetKobukiVelo.cpp...
         Generating docs for file C:/Users/Datsuo/workspace/RTsummer/SetKobukiVelo/SetKobukiVelo.h...
         Generating docs for file C:/Users/Datsuo/workspace/RTsummer/SetKobukiVelo/SetKobukiVeloComp.cpp...
         Generating page documentation...
         Generating group documentation...
         Generating class documentation...
         Generating docs for compound SetKobukiVelo...
         Generating namespace index...
         Generating graph info page...
         Generating directory documentation...
         Generating index page...
         Generating page index...
         Generating module index...
         Generating namespace index...
         Generating namespace member index...
         Generating annotated compound index...
         Generating alphabetical compound index...
         Generating hierarchical class index...
         Generating member index...
         Generating file index...
         Generating file member index...
         Generating example index...
         finalizing index lists...
         symbol cache used 38/65536 hits=1012 misses=38
         lookup cache used 29/65536 hits=96 misses=29
         finished...
         C:/Users/Datsuo/workspace/RTsummer/SetKobukiVelo/SetKobukiVelo.h:134: warning: Member onDeactivated(RTC::UniqueId ec_id) (function) of class SetKobukiVelo is not documented.
         C:/Users/Datsuo/workspace/RTsummer/SetKobukiVelo/SetKobukiVelo.h:147: warning: Member onExecute(RTC::UniqueId ec_id) (function) of class SetKobukiVelo is not documented.
         C:/Users/Datsuo/workspace/RTsummer/SetKobukiVelo/SetKobukiVelo.h:284: warning: Member m_ref_goal_pos (variable) of class SetKobukiVelo is not documented.
         C:/Users/Datsuo/workspace/RTsummer/SetKobukiVelo/SetKobukiVelo.h:287: warning: Member m_ref_goal_posIn (variable) of class SetKobukiVelo is not documented.
         C:/Users/Datsuo/workspace/RTsummer/SetKobukiVelo/SetKobukiVelo.h:288: warning: Member m_ref_now_pos (variable) of class SetKobukiVelo is not documented.
         C:/Users/Datsuo/workspace/RTsummer/SetKobukiVelo/SetKobukiVelo.h:291: warning: Member m_ref_now_posIn (variable) of class SetKobukiVelo is not documented.
         C:/Users/Datsuo/workspace/RTsummer/SetKobukiVelo/SetKobukiVelo.h:292: warning: Member m_ref_bumper (variable) of class SetKobukiVelo is not documented.
         C:/Users/Datsuo/workspace/RTsummer/SetKobukiVelo/SetKobukiVelo.h:295: warning: Member m_ref_bumperIn (variable) of class SetKobukiVelo is not documented.
         C:/Users/Datsuo/workspace/RTsummer/SetKobukiVelo/SetKobukiVelo.h:302: warning: Member m_out_velocity (variable) of class SetKobukiVelo is not documented.
         C:/Users/Datsuo/workspace/RTsummer/SetKobukiVelo/SetKobukiVelo.h:305: warning: Member m_out_velocityOut (variable) of class SetKobukiVelo is not documented.
       FinalizeBuildStatus:
         ファイル "Win32\Debug\doxygen\doxygen.unsuccessfulbuild" を削除しています。
         "Win32\Debug\doxygen\doxygen.lastbuildstate" のタッチ タスクを実行しています。
     1>プロジェクト "C:\Users\Datsuo\workspace\RTsummer\SetKobukiVelo\build\doxygen.vcxproj" (build ターゲット) のビルドが完了しました。

ビルドに成功しました。

経過時間 00:00:00.45
