2014/08/06 23:56:44 にビルドを開始しました。
     1>ノード 3 上のプロジェクト "C:\Users\Datsuo\workspace\RTsummer\Point2DtoPose2D\build\doxygen.vcxproj" (build ターゲット)。
     1>InitializeBuildStatus:
         "AlwaysCreate" が指定されたため "Win32\Debug\doxygen\doxygen.unsuccessfulbuild" を作成しています。
       CustomBuild:
         Searching for include files...
         Searching for example files...
         Searching for images...
         Searching for dot files...
         Searching for msc files...
         Searching for files to exclude
         Searching for files to process...
         Searching for files in directory C:/Users/Datsuo/workspace/RTsummer/Point2DtoPose2D
         Searching for files in directory C:/Users/Datsuo/workspace/RTsummer/Point2DtoPose2D/build
         Searching for files in directory C:/Users/Datsuo/workspace/RTsummer/Point2DtoPose2D/build/CMakeFiles
         Searching for files in directory C:/Users/Datsuo/workspace/RTsummer/Point2DtoPose2D/build/CMakeFiles/15d830aebacdcba07a556b5f7d4030cf
         Searching for files in directory C:/Users/Datsuo/workspace/RTsummer/Point2DtoPose2D/build/CMakeFiles/2.8.12.2
         Searching for files in directory C:/Users/Datsuo/workspace/RTsummer/Point2DtoPose2D/build/CMakeFiles/2.8.12.2/CompilerIdC
         Searching for files in directory C:/Users/Datsuo/workspace/RTsummer/Point2DtoPose2D/build/CMakeFiles/2.8.12.2/CompilerIdC/Debug
         Searching for files in directory C:/Users/Datsuo/workspace/RTsummer/Point2DtoPose2D/build/CMakeFiles/2.8.12.2/CompilerIdCXX
         Searching for files in directory C:/Users/Datsuo/workspace/RTsummer/Point2DtoPose2D/build/CMakeFiles/2.8.12.2/CompilerIdCXX/Debug
         Searching for files in directory C:/Users/Datsuo/workspace/RTsummer/Point2DtoPose2D/build/CMakeFiles/CMakeTmp
         Searching for files in directory C:/Users/Datsuo/workspace/RTsummer/Point2DtoPose2D/build/Debug
         Searching for files in directory C:/Users/Datsuo/workspace/RTsummer/Point2DtoPose2D/build/doc
         Searching for files in directory C:/Users/Datsuo/workspace/RTsummer/Point2DtoPose2D/build/ipch
         Searching for files in directory C:/Users/Datsuo/workspace/RTsummer/Point2DtoPose2D/build/ipch/point2dtopose2d-3e280afb
         Searching for files in directory C:/Users/Datsuo/workspace/RTsummer/Point2DtoPose2D/build/Point2DtoPose2D.dir
         Searching for files in directory C:/Users/Datsuo/workspace/RTsummer/Point2DtoPose2D/build/Point2DtoPose2D.dir/Debug
         Searching for files in directory C:/Users/Datsuo/workspace/RTsummer/Point2DtoPose2D/build/Point2DtoPose2DComp.dir
         Searching for files in directory C:/Users/Datsuo/workspace/RTsummer/Point2DtoPose2D/build/Point2DtoPose2DComp.dir/Debug
         Searching for files in directory C:/Users/Datsuo/workspace/RTsummer/Point2DtoPose2D/build/Win32
         Searching for files in directory C:/Users/Datsuo/workspace/RTsummer/Point2DtoPose2D/build/Win32/Debug
         Searching for files in directory C:/Users/Datsuo/workspace/RTsummer/Point2DtoPose2D/build/Win32/Debug/ALL_BUILD
         Searching for files in directory C:/Users/Datsuo/workspace/RTsummer/Point2DtoPose2D/build/Win32/Debug/doxygen
         Searching for files in directory C:/Users/Datsuo/workspace/RTsummer/Point2DtoPose2D/build/Win32/Debug/ZERO_CHECK
         Searching for files in directory C:/Users/Datsuo/workspace/RTsummer/Point2DtoPose2D/cmake_modules
         Searching for files in directory C:/Users/Datsuo/workspace/RTsummer/Point2DtoPose2D/cpack_resources
         Reading and parsing tag files
         Preprocessing C:/Users/Datsuo/workspace/RTsummer/Point2DtoPose2D/build/CMakeFiles/2.8.12.2/CompilerIdCXX/CMakeCXXCompilerId.cpp...
         Parsing file C:/Users/Datsuo/workspace/RTsummer/Point2DtoPose2D/build/CMakeFiles/2.8.12.2/CompilerIdCXX/CMakeCXXCompilerId.cpp...
         Preprocessing C:/Users/Datsuo/workspace/RTsummer/Point2DtoPose2D/Point2DtoPose2D.cpp...
         Parsing file C:/Users/Datsuo/workspace/RTsummer/Point2DtoPose2D/Point2DtoPose2D.cpp...
         Preprocessing C:/Users/Datsuo/workspace/RTsummer/Point2DtoPose2D/Point2DtoPose2D.h...
         Parsing file C:/Users/Datsuo/workspace/RTsummer/Point2DtoPose2D/Point2DtoPose2D.h...
         Preprocessing C:/Users/Datsuo/workspace/RTsummer/Point2DtoPose2D/Point2DtoPose2DComp.cpp...
         Parsing file C:/Users/Datsuo/workspace/RTsummer/Point2DtoPose2D/Point2DtoPose2DComp.cpp...
         Building group list...
         Building directory list...
         Building namespace list...
         Building file list...
         Building class list...
         Associating documentation with classes...
         Computing nesting relations for classes...
         Building example list...
         Searching for enumerations...
         Searching for documented typedefs...
         Searching for members imported via using declarations...
         Searching for included using directives...
         Searching for documented variables...
         Building member list...
         Searching for friends...
         Searching for documented defines...
         Computing class inheritance relations...
         Computing class usage relations...
         Flushing cached template relations that have become invalid...
         Creating members for template instances...
         Computing class relations...
         Add enum values to enums...
         Searching for member function documentation...
         Building page list...
         Search for main page...
         Computing page relations...
         Determining the scope of groups...
         Sorting lists...
         Freeing entry tree
         Determining which enums are documented
         Computing member relations...
         Building full member lists recursively...
         Adding members to member groups.
         Computing member references...
         Inheriting documentation...
         Generating disk names...
         Adding source references...
         Adding xrefitems...
         Sorting member lists...
         Computing dependencies between directories...
         Generating citations page...
         Counting data structures...
         Resolving user defined references...
         Finding anchors and sections in the documentation...
         Combining using relations...
         Adding members to index pages...
         Generating style sheet...
         Generating search indices...
         Generating example documentation...
         Generating file sources...
         Generating code for file C:/Users/Datsuo/workspace/RTsummer/Point2DtoPose2D/Point2DtoPose2D.h...
         Generating file documentation...
         Generating docs for file C:/Users/Datsuo/workspace/RTsummer/Point2DtoPose2D/Point2DtoPose2D.cpp...
         Generating docs for file C:/Users/Datsuo/workspace/RTsummer/Point2DtoPose2D/Point2DtoPose2D.h...
         Generating docs for file C:/Users/Datsuo/workspace/RTsummer/Point2DtoPose2D/Point2DtoPose2DComp.cpp...
         Generating page documentation...
         Generating group documentation...
         Generating class documentation...
         Generating docs for compound Point2DtoPose2D...
         Generating namespace index...
         Generating graph info page...
         Generating directory documentation...
         Generating index page...
         Generating page index...
         Generating module index...
         Generating namespace index...
         Generating namespace member index...
         Generating annotated compound index...
         Generating alphabetical compound index...
         Generating hierarchical class index...
         Generating member index...
         Generating file index...
         Generating file member index...
         Generating example index...
         finalizing index lists...
         symbol cache used 26/65536 hits=575 misses=26
         lookup cache used 18/65536 hits=62 misses=18
         finished...
     1>CUSTOMBUILD : warning : Tag `SHOW_DIRECTORIES' at line 133 of file C:/Users/Datsuo/workspace/RTsummer/Point2DtoPose2D/build/Doxyfile has become obsolete.
         To avoid this warning please remove this line from your configuration file or upgrade it using "doxygen -u"
     1>CUSTOMBUILD : warning : Tag `HTML_ALIGN_MEMBERS' at line 244 of file C:/Users/Datsuo/workspace/RTsummer/Point2DtoPose2D/build/Doxyfile has become obsolete.
         To avoid this warning please remove this line from your configuration file or upgrade it using "doxygen -u"
     1>CUSTOMBUILD : warning : Tag `USE_INLINE_TREES' at line 298 of file C:/Users/Datsuo/workspace/RTsummer/Point2DtoPose2D/build/Doxyfile has become obsolete.
         To avoid this warning please remove this line from your configuration file or upgrade it using "doxygen -u"
     1>CUSTOMBUILD : warning : The selected output language "japanese" has not been updated
         since release 1.6.0.  As a result some sentences may appear in English.
         
         C:/Users/Datsuo/workspace/RTsummer/Point2DtoPose2D/Point2DtoPose2D.cpp:176: warning: Member Point2DtoPose2DInit(RTC::Manager *manager) (function) of file Point2DtoPose2D.cpp is not documented.
         C:/Users/Datsuo/workspace/RTsummer/Point2DtoPose2D/Point2DtoPose2D.h:288: warning: Member Point2DtoPose2DInit(RTC::Manager *manager) (function) of file Point2DtoPose2D.h is not documented.
         C:/Users/Datsuo/workspace/RTsummer/Point2DtoPose2D/Point2DtoPose2DComp.cpp:18: warning: Member MyModuleInit(RTC::Manager *manager) (function) of file Point2DtoPose2DComp.cpp is not documented.
         C:/Users/Datsuo/workspace/RTsummer/Point2DtoPose2D/Point2DtoPose2DComp.cpp:75: warning: Member main(int argc, char **argv) (function) of file Point2DtoPose2DComp.cpp is not documented.
         C:/Users/Datsuo/workspace/RTsummer/Point2DtoPose2D/Point2DtoPose2D.h:71: warning: Member onInitialize() (function) of class Point2DtoPose2D is not documented.
         C:/Users/Datsuo/workspace/RTsummer/Point2DtoPose2D/Point2DtoPose2D.h:121: warning: Member onActivated(RTC::UniqueId ec_id) (function) of class Point2DtoPose2D is not documented.
         C:/Users/Datsuo/workspace/RTsummer/Point2DtoPose2D/Point2DtoPose2D.h:134: warning: Member onDeactivated(RTC::UniqueId ec_id) (function) of class Point2DtoPose2D is not documented.
         C:/Users/Datsuo/workspace/RTsummer/Point2DtoPose2D/Point2DtoPose2D.h:147: warning: Member onExecute(RTC::UniqueId ec_id) (function) of class Point2DtoPose2D is not documented.
         C:/Users/Datsuo/workspace/RTsummer/Point2DtoPose2D/Point2DtoPose2D.h:242: warning: Member m_in (variable) of class Point2DtoPose2D is not documented.
         C:/Users/Datsuo/workspace/RTsummer/Point2DtoPose2D/Point2DtoPose2D.h:245: warning: Member m_inIn (variable) of class Point2DtoPose2D is not documented.
         C:/Users/Datsuo/workspace/RTsummer/Point2DtoPose2D/Point2DtoPose2D.h:252: warning: Member m_out (variable) of class Point2DtoPose2D is not documented.
         C:/Users/Datsuo/workspace/RTsummer/Point2DtoPose2D/Point2DtoPose2D.h:255: warning: Member m_outOut (variable) of class Point2DtoPose2D is not documented.
       FinalizeBuildStatus:
         ファイル "Win32\Debug\doxygen\doxygen.unsuccessfulbuild" を削除しています。
         "Win32\Debug\doxygen\doxygen.lastbuildstate" のタッチ タスクを実行しています。
     1>プロジェクト "C:\Users\Datsuo\workspace\RTsummer\Point2DtoPose2D\build\doxygen.vcxproj" (build ターゲット) のビルドが完了しました。

ビルドに成功しました。

経過時間 00:00:01.03
