2014/08/08 11:51:54 にビルドを開始しました。
     1>ノード 2 上のプロジェクト "C:\Users\Datsuo\workspace\RTsummer\CommandIn\build\src\CommandIn.vcxproj" (build ターゲット)。
     1>InitializeBuildStatus:
         "AlwaysCreate" が指定されたため "CommandIn.dir\Debug\CommandIn.unsuccessfulbuild" を作成しています。
       CustomBuild:
         すべての出力が最新のものです。
       ClCompile:
         すべての出力が最新のものです。
       ManifestResourceCompile:
         すべての出力が最新のものです。
       Link:
         すべての出力が最新のものです。
       Manifest:
         すべての出力が最新のものです。
       FinalizeBuildStatus:
         ファイル "CommandIn.dir\Debug\CommandIn.unsuccessfulbuild" を削除しています。
         "CommandIn.dir\Debug\CommandIn.lastbuildstate" のタッチ タスクを実行しています。
     1>プロジェクト "C:\Users\Datsuo\workspace\RTsummer\CommandIn\build\src\CommandIn.vcxproj" (build ターゲット) のビルドが完了しました。

ビルドに成功しました。

経過時間 00:00:00.13
