2014/08/07 14:43:22 にビルドを開始しました。
     1>ノード 2 上のプロジェクト "C:\Users\Datsuo\workspace\RTsummer\CorrorSelect\build\CorrorSelectComp.vcxproj" (build ターゲット)。
     1>InitializeBuildStatus:
         "AlwaysCreate" が指定されたため "CorrorSelectComp.dir\Debug\CorrorSelectComp.unsuccessfulbuild" を作成しています。
       CustomBuild:
         すべての出力が最新のものです。
       ClCompile:
         すべての出力が最新のものです。
       ManifestResourceCompile:
         すべての出力が最新のものです。
       Link:
         C:\Program Files (x86)\Microsoft Visual Studio 10.0\VC\bin\link.exe /ERRORREPORT:PROMPT /OUT:"C:\Users\Datsuo\workspace\RTsummer\CorrorSelect\build\Debug\CorrorSelectComp.exe" /INCREMENTAL /NOLOGO /LIBPATH:"C:/Program Files (x86)/OpenRTM-aist/1.1/omniORB/4.1.5/lib/x86_win32" /LIBPATH:"C:/Program Files (x86)/OpenRTM-aist/1.1/omniORB/4.1.5/lib/x86_win32/Debug" /LIBPATH:"C:/Program Files (x86)/OpenRTM-aist/1.1/bin" /LIBPATH:"C:/Program Files (x86)/OpenRTM-aist/1.1/bin/Debug" kernel32.lib user32.lib gdi32.lib winspool.lib shell32.lib ole32.lib oleaut32.lib uuid.lib comdlg32.lib advapi32.lib Debug\CorrorSelect.lib omniORB415_rtd.lib omniDynamic415_rtd.lib omnithread34_rtd.lib RTC110d.lib coil110d.lib omniORB415_rtd.lib omniDynamic415_rtd.lib omnithread34_rtd.lib advapi32.lib ws2_32.lib mswsock.lib RTC110d.lib coil110d.lib advapi32.lib ws2_32.lib mswsock.lib /MANIFEST /ManifestFile:"CorrorSelectComp.dir\Debug\CorrorSelectComp.exe.intermediate.manifest" /MANIFESTUAC:"level='asInvoker' uiAccess='false'" /DEBUG /PDB:"C:/Users/Datsuo/workspace/RTsummer/CorrorSelect/build/Debug/CorrorSelectComp.pdb" /SUBSYSTEM:CONSOLE /TLBID:1 /DYNAMICBASE /NXCOMPAT /IMPLIB:"C:/Users/Datsuo/workspace/RTsummer/CorrorSelect/build/Debug/CorrorSelectComp.lib" /MACHINE:X86 CorrorSelectComp.dir\Debug\CorrorSelectComp.exe.embed.manifest.res
         CorrorSelectComp.dir\Debug\CorrorSelectComp.obj  /machine:X86 /debug 
       Manifest:
         C:\Program Files (x86)\Microsoft SDKs\Windows\v7.0A\bin\mt.exe /nologo /verbose /out:"CorrorSelectComp.dir\Debug\CorrorSelectComp.exe.embed.manifest" /manifest CorrorSelectComp.dir\Debug\CorrorSelectComp.exe.intermediate.manifest
         すべての出力が最新のものです。
       LinkEmbedManifest:
         すべての出力が最新のものです。
         CorrorSelectComp.vcxproj -> C:\Users\Datsuo\workspace\RTsummer\CorrorSelect\build\Debug\CorrorSelectComp.exe
       FinalizeBuildStatus:
         ファイル "CorrorSelectComp.dir\Debug\CorrorSelectComp.unsuccessfulbuild" を削除しています。
         "CorrorSelectComp.dir\Debug\CorrorSelectComp.lastbuildstate" のタッチ タスクを実行しています。
     1>プロジェクト "C:\Users\Datsuo\workspace\RTsummer\CorrorSelect\build\CorrorSelectComp.vcxproj" (build ターゲット) のビルドが完了しました。

ビルドに成功しました。

経過時間 00:00:00.58
