2014/08/08 1:05:38 にビルドを開始しました。
     1>ノード 3 上のプロジェクト "C:\Users\Datsuo\workspace\RTsummer\Kinect_JointPoint\build\doxygen.vcxproj" (build ターゲット)。
     1>InitializeBuildStatus:
         "AlwaysCreate" が指定されたため "Win32\Debug\doxygen\doxygen.unsuccessfulbuild" を作成しています。
       CustomBuild:
         Searching for include files...
         Searching for example files...
         Searching for images...
         Searching for dot files...
         Searching for msc files...
         Searching for files to exclude
         Searching for files to process...
         Searching for files in directory C:/Users/Datsuo/workspace/RTsummer/Kinect_JointPoint
         Searching for files in directory C:/Users/Datsuo/workspace/RTsummer/Kinect_JointPoint/build
         Searching for files in directory C:/Users/Datsuo/workspace/RTsummer/Kinect_JointPoint/build/CMakeFiles
         Searching for files in directory C:/Users/Datsuo/workspace/RTsummer/Kinect_JointPoint/build/CMakeFiles/2.8.12.2
         Searching for files in directory C:/Users/Datsuo/workspace/RTsummer/Kinect_JointPoint/build/CMakeFiles/2.8.12.2/CompilerIdC
         Searching for files in directory C:/Users/Datsuo/workspace/RTsummer/Kinect_JointPoint/build/CMakeFiles/2.8.12.2/CompilerIdC/Debug
         Searching for files in directory C:/Users/Datsuo/workspace/RTsummer/Kinect_JointPoint/build/CMakeFiles/2.8.12.2/CompilerIdCXX
         Searching for files in directory C:/Users/Datsuo/workspace/RTsummer/Kinect_JointPoint/build/CMakeFiles/2.8.12.2/CompilerIdCXX/Debug
         Searching for files in directory C:/Users/Datsuo/workspace/RTsummer/Kinect_JointPoint/build/CMakeFiles/98ec3db1d5e8788cb66d4b48007d7d93
         Searching for files in directory C:/Users/Datsuo/workspace/RTsummer/Kinect_JointPoint/build/CMakeFiles/CMakeTmp
         Searching for files in directory C:/Users/Datsuo/workspace/RTsummer/Kinect_JointPoint/build/Debug
         Searching for files in directory C:/Users/Datsuo/workspace/RTsummer/Kinect_JointPoint/build/doc
         Searching for files in directory C:/Users/Datsuo/workspace/RTsummer/Kinect_JointPoint/build/ipch
         Searching for files in directory C:/Users/Datsuo/workspace/RTsummer/Kinect_JointPoint/build/ipch/kinect_jointpoint-414d8a71
         Searching for files in directory C:/Users/Datsuo/workspace/RTsummer/Kinect_JointPoint/build/Kinect_JointPoint.dir
         Searching for files in directory C:/Users/Datsuo/workspace/RTsummer/Kinect_JointPoint/build/Kinect_JointPoint.dir/Debug
         Searching for files in directory C:/Users/Datsuo/workspace/RTsummer/Kinect_JointPoint/build/Kinect_JointPointComp.dir
         Searching for files in directory C:/Users/Datsuo/workspace/RTsummer/Kinect_JointPoint/build/Kinect_JointPointComp.dir/Debug
         Searching for files in directory C:/Users/Datsuo/workspace/RTsummer/Kinect_JointPoint/build/Win32
         Searching for files in directory C:/Users/Datsuo/workspace/RTsummer/Kinect_JointPoint/build/Win32/Debug
         Searching for files in directory C:/Users/Datsuo/workspace/RTsummer/Kinect_JointPoint/build/Win32/Debug/ALL_BUILD
         Searching for files in directory C:/Users/Datsuo/workspace/RTsummer/Kinect_JointPoint/build/Win32/Debug/doxygen
         Searching for files in directory C:/Users/Datsuo/workspace/RTsummer/Kinect_JointPoint/build/Win32/Debug/ZERO_CHECK
         Searching for files in directory C:/Users/Datsuo/workspace/RTsummer/Kinect_JointPoint/cmake_modules
         Searching for files in directory C:/Users/Datsuo/workspace/RTsummer/Kinect_JointPoint/cpack_resources
         Reading and parsing tag files
         Preprocessing C:/Users/Datsuo/workspace/RTsummer/Kinect_JointPoint/build/CMakeFiles/2.8.12.2/CompilerIdCXX/CMakeCXXCompilerId.cpp...
         Parsing file C:/Users/Datsuo/workspace/RTsummer/Kinect_JointPoint/build/CMakeFiles/2.8.12.2/CompilerIdCXX/CMakeCXXCompilerId.cpp...
         Preprocessing C:/Users/Datsuo/workspace/RTsummer/Kinect_JointPoint/Kinect_JointPoint - 繧ｳ繝斐・.cpp...
         Parsing file C:/Users/Datsuo/workspace/RTsummer/Kinect_JointPoint/Kinect_JointPoint - 繧ｳ繝斐・.cpp...
         Preprocessing C:/Users/Datsuo/workspace/RTsummer/Kinect_JointPoint/Kinect_JointPoint.cpp...
         Parsing file C:/Users/Datsuo/workspace/RTsummer/Kinect_JointPoint/Kinect_JointPoint.cpp...
         Preprocessing C:/Users/Datsuo/workspace/RTsummer/Kinect_JointPoint/Kinect_JointPoint.h...
         Parsing file C:/Users/Datsuo/workspace/RTsummer/Kinect_JointPoint/Kinect_JointPoint.h...
         Preprocessing C:/Users/Datsuo/workspace/RTsummer/Kinect_JointPoint/Kinect_JointPointComp.cpp...
         Parsing file C:/Users/Datsuo/workspace/RTsummer/Kinect_JointPoint/Kinect_JointPointComp.cpp...
         Building group list...
         Building directory list...
         Building namespace list...
         Building file list...
         Building class list...
         Associating documentation with classes...
         Computing nesting relations for classes...
         Building example list...
         Searching for enumerations...
         Searching for documented typedefs...
         Searching for members imported via using declarations...
     1>CUSTOMBUILD : warning : Tag `SHOW_DIRECTORIES' at line 133 of file C:/Users/Datsuo/workspace/RTsummer/Kinect_JointPoint/build/Doxyfile has become obsolete.
         To avoid this warning please remove this line from your configuration file or upgrade it using "doxygen -u"
     1>CUSTOMBUILD : warning : Tag `HTML_ALIGN_MEMBERS' at line 244 of file C:/Users/Datsuo/workspace/RTsummer/Kinect_JointPoint/build/Doxyfile has become obsolete.
         To avoid this warning please remove this line from your configuration file or upgrade it using "doxygen -u"
     1>CUSTOMBUILD : warning : Tag `USE_INLINE_TREES' at line 298 of file C:/Users/Datsuo/workspace/RTsummer/Kinect_JointPoint/build/Doxyfile has become obsolete.
         To avoid this warning please remove this line from your configuration file or upgrade it using "doxygen -u"
     1>CUSTOMBUILD : warning : The selected output language "japanese" has not been updated
         since release 1.6.0.  As a result some sentences may appear in English.
         
         C:/Users/Datsuo/workspace/RTsummer/Kinect_JointPoint/Kinect_JointPoint.cpp:244: warning: Member Kinect_JointPointInit(RTC::Manager *manager) (function) of file Kinect_JointPoint.cpp is not documented.
         C:/Users/Datsuo/workspace/RTsummer/Kinect_JointPoint/Kinect_JointPoint.cpp:124: warning: Member counter (variable) of file Kinect_JointPoint.cpp is not documented.
         C:/Users/Datsuo/workspace/RTsummer/Kinect_JointPoint/Kinect_JointPoint.h:312: warning: Member Kinect_JointPointInit(RTC::Manager *manager) (function) of file Kinect_JointPoint.h is not documented.
         C:/Users/Datsuo/workspace/RTsummer/Kinect_JointPoint/Kinect_JointPointComp.cpp:18: warning: Member MyModuleInit(RTC::Manager *manager) (function) of file Kinect_JointPointComp.cpp is not documented.
         C:/Users/Datsuo/workspace/RTsummer/Kinect_JointPoint/Kinect_JointPointComp.cpp:75: warning: Member main(int argc, char **argv) (function) of file Kinect_JointPointComp.cpp is not documented.
         C:/Users/Datsuo/workspace/RTsummer/Kinect_JointPoint/Kinect_JointPoint.h:71: warning: Member onInitialize() (function) of class Kinect_JointPoint is not documented.
         Searching for included using directives...
         Searching for documented variables...
         Building member list...
         Searching for friends...
         Searching for documented defines...
         Computing class inheritance relations...
         Computing class usage relations...
         Flushing cached template relations that have become invalid...
         Creating members for template instances...
         Computing class relations...
         Add enum values to enums...
         Searching for member function documentation...
         Building page list...
         Search for main page...
         Computing page relations...
         Determining the scope of groups...
         Sorting lists...
         Freeing entry tree
         Determining which enums are documented
         Computing member relations...
         Building full member lists recursively...
         Adding members to member groups.
         Computing member references...
         Inheriting documentation...
         Generating disk names...
         Adding source references...
         Adding xrefitems...
         Sorting member lists...
         Computing dependencies between directories...
         Generating citations page...
         Counting data structures...
         Resolving user defined references...
         Finding anchors and sections in the documentation...
         Combining using relations...
         Adding members to index pages...
         Generating style sheet...
         Generating search indices...
         Generating example documentation...
         Generating file sources...
         Generating code for file C:/Users/Datsuo/workspace/RTsummer/Kinect_JointPoint/Kinect_JointPoint.h...
         Generating file documentation...
         Generating docs for file C:/Users/Datsuo/workspace/RTsummer/Kinect_JointPoint/Kinect_JointPoint.cpp...
         Generating docs for file C:/Users/Datsuo/workspace/RTsummer/Kinect_JointPoint/Kinect_JointPoint.h...
         Generating docs for file C:/Users/Datsuo/workspace/RTsummer/Kinect_JointPoint/Kinect_JointPointComp.cpp...
         Generating page documentation...
         Generating group documentation...
         Generating class documentation...
         Generating docs for compound Kinect_JointPoint...
         Generating namespace index...
         Generating graph info page...
         Generating directory documentation...
         Generating index page...
         Generating page index...
         Generating module index...
         Generating namespace index...
         Generating namespace member index...
         Generating annotated compound index...
         Generating alphabetical compound index...
         Generating hierarchical class index...
         Generating member index...
         Generating file index...
         Generating file member index...
         Generating example index...
         finalizing index lists...
         symbol cache used 36/65536 hits=885 misses=36
         lookup cache used 25/65536 hits=89 misses=25
         finished...
         C:/Users/Datsuo/workspace/RTsummer/Kinect_JointPoint/Kinect_JointPoint.h:121: warning: Member onActivated(RTC::UniqueId ec_id) (function) of class Kinect_JointPoint is not documented.
         C:/Users/Datsuo/workspace/RTsummer/Kinect_JointPoint/Kinect_JointPoint.h:134: warning: Member onDeactivated(RTC::UniqueId ec_id) (function) of class Kinect_JointPoint is not documented.
         C:/Users/Datsuo/workspace/RTsummer/Kinect_JointPoint/Kinect_JointPoint.h:147: warning: Member onExecute(RTC::UniqueId ec_id) (function) of class Kinect_JointPoint is not documented.
         C:/Users/Datsuo/workspace/RTsummer/Kinect_JointPoint/Kinect_JointPoint.h:258: warning: Member m_test (variable) of class Kinect_JointPoint is not documented.
         C:/Users/Datsuo/workspace/RTsummer/Kinect_JointPoint/Kinect_JointPoint.h:262: warning: Member m_Kinect_skelton (variable) of class Kinect_JointPoint is not documented.
         C:/Users/Datsuo/workspace/RTsummer/Kinect_JointPoint/Kinect_JointPoint.h:265: warning: Member m_Kinect_skeltonIn (variable) of class Kinect_JointPoint is not documented.
         C:/Users/Datsuo/workspace/RTsummer/Kinect_JointPoint/Kinect_JointPoint.h:272: warning: Member m_out1 (variable) of class Kinect_JointPoint is not documented.
         C:/Users/Datsuo/workspace/RTsummer/Kinect_JointPoint/Kinect_JointPoint.h:275: warning: Member m_out1Out (variable) of class Kinect_JointPoint is not documented.
         C:/Users/Datsuo/workspace/RTsummer/Kinect_JointPoint/Kinect_JointPoint.h:276: warning: Member m_out2 (variable) of class Kinect_JointPoint is not documented.
         C:/Users/Datsuo/workspace/RTsummer/Kinect_JointPoint/Kinect_JointPoint.h:279: warning: Member m_out2Out (variable) of class Kinect_JointPoint is not documented.
       FinalizeBuildStatus:
         ファイル "Win32\Debug\doxygen\doxygen.unsuccessfulbuild" を削除しています。
         "Win32\Debug\doxygen\doxygen.lastbuildstate" のタッチ タスクを実行しています。
     1>プロジェクト "C:\Users\Datsuo\workspace\RTsummer\Kinect_JointPoint\build\doxygen.vcxproj" (build ターゲット) のビルドが完了しました。

ビルドに成功しました。

経過時間 00:00:00.32
