[logging start 2014-08-08 11:43:18,085]
2014-08-08 11:43:20,925 [10] INFO  (Manager) 実行コンテキストEmptyExecutionContextをロードしました
2014-08-08 11:43:20,935 [10] INFO  (Manager) 実行コンテキストExtTrigExecutionContextをロードしました
2014-08-08 11:43:20,935 [10] INFO  (Manager) 実行コンテキストPeriodicExecutionContextをロードしました
2014-08-08 11:43:20,945 [10] INFO  (Manager) コンポーネントcomposite.PeriodicECShared.PeriodicECSharedCompositeをロードしました
2014-08-08 11:43:20,945 [10] INFO  (Manager) コンポーネントExamples.KKdrawComponentをロードしました
2014-08-08 11:43:20,945 [10] INFO  (Manager) 実行コンテキストEmptyExecutionContextをロードしました
2014-08-08 11:43:20,945 [10] INFO  (Manager) 実行コンテキストExtTrigExecutionContextをロードしました
2014-08-08 11:43:20,945 [10] INFO  (Manager) 実行コンテキストPeriodicExecutionContextをロードしました
2014-08-08 11:43:20,945 [10] INFO  (Manager) コンポーネントcomposite.PeriodicECShared.PeriodicECSharedCompositeをロードしました
2014-08-08 11:43:20,955 [10] INFO  (Manager) 初期化が完了しました。
[logging start 2014-08-08 15:15:16,827]
2014-08-08 15:15:19,575 [9] INFO  (Manager) 実行コンテキストEmptyExecutionContextをロードしました
2014-08-08 15:15:19,585 [9] INFO  (Manager) 実行コンテキストExtTrigExecutionContextをロードしました
2014-08-08 15:15:19,585 [9] INFO  (Manager) 実行コンテキストPeriodicExecutionContextをロードしました
2014-08-08 15:15:19,595 [9] INFO  (Manager) コンポーネントcomposite.PeriodicECShared.PeriodicECSharedCompositeをロードしました
2014-08-08 15:15:19,595 [9] INFO  (Manager) コンポーネントExamples.KKdrawComponentをロードしました
2014-08-08 15:15:19,595 [9] INFO  (Manager) 実行コンテキストEmptyExecutionContextをロードしました
2014-08-08 15:15:19,595 [9] INFO  (Manager) 実行コンテキストExtTrigExecutionContextをロードしました
2014-08-08 15:15:19,595 [9] INFO  (Manager) 実行コンテキストPeriodicExecutionContextをロードしました
2014-08-08 15:15:19,595 [9] INFO  (Manager) コンポーネントcomposite.PeriodicECShared.PeriodicECSharedCompositeをロードしました
2014-08-08 15:15:19,605 [9] INFO  (Manager) 初期化が完了しました。
2014-08-08 15:21:00,229 [15] ERROR (IConfigurationAdapter) 指定されたキーはディレクトリ内に存在しませんでした。
2014-08-08 15:29:35,828 [12] ERROR (IConfigurationAdapter) 指定されたキーはディレクトリ内に存在しませんでした。
2014-08-08 15:32:06,726 [20] ERROR (IConfigurationAdapter) 指定されたキーはディレクトリ内に存在しませんでした。
